This is pdfTeX, Version 3.141592653-2.6-1.40.24 (TeX Live 2022) (preloaded format=pdflatex 2022.10.26)  1 DEC 2022 11:45
entering extended mode
 restricted \write18 enabled.
 %&-line parsing enabled.
**"SYSG5 - Failles de sécurité linux.tex"
(./SYSG5 - Failles de sécurité linux.tex
LaTeX2e <2022-06-01> patch level 5
L3 programming layer <2022-09-28>
(c:/texlive/2022/texmf-dist/tex/latex/base/article.cls
Document Class: article 2021/10/04 v1.4n Standard LaTeX document class
(c:/texlive/2022/texmf-dist/tex/latex/base/size12.clo
File: size12.clo 2021/10/04 v1.4n Standard LaTeX file (size option)
)
\c@part=\count185
\c@section=\count186
\c@subsection=\count187
\c@subsubsection=\count188
\c@paragraph=\count189
\c@subparagraph=\count190
\c@figure=\count191
\c@table=\count192
\abovecaptionskip=\skip47
\belowcaptionskip=\skip48
\bibindent=\dimen138
)
(c:/texlive/2022/texmf-dist/tex/latex/base/inputenc.sty
Package: inputenc 2021/02/14 v1.3d Input encoding file
\inpenc@prehook=\toks16
\inpenc@posthook=\toks17
)
(c:/texlive/2022/texmf-dist/tex/generic/babel/babel.sty
Package: babel 2022/10/23 3.82 The Babel package
\babel@savecnt=\count193
\U@D=\dimen139
\l@unhyphenated=\language87

(c:/texlive/2022/texmf-dist/tex/generic/babel/txtbabel.def)
\bbl@readstream=\read2
\bbl@dirlevel=\count194

(c:/texlive/2022/texmf-dist/tex/generic/babel-french/french.ldf
Language: french 2022/04/18 v3.5n French support from the babel system
Package babel Info: Hyphen rules for 'acadian' set to \l@french
(babel)             (\language29). Reported on input line 91.
Package babel Info: Hyphen rules for 'canadien' set to \l@french
(babel)             (\language29). Reported on input line 92.
\FB@nonchar=\count195
Package babel Info: Making : an active character on input line 430.
Package babel Info: Making ; an active character on input line 431.
Package babel Info: Making ! an active character on input line 432.
Package babel Info: Making ? an active character on input line 433.
\FBguill@level=\count196
\FBold@everypar=\toks18
\FB@Mht=\dimen140
\mc@charclass=\count197
\mc@charfam=\count198
\mc@charslot=\count199
\std@mcc=\count266
\dec@mcc=\count267
\listindentFB=\dimen141
\descindentFB=\dimen142
\labelindentFB=\dimen143
\labelwidthFB=\dimen144
\leftmarginFB=\dimen145
\parindentFFN=\dimen146
\FBfnindent=\dimen147
))
(c:/texlive/2022/texmf-dist/tex/generic/babel/locale/fr/babel-french.tex
Package babel Info: Importing font and identification data for french
(babel)             from babel-fr.ini. Reported on input line 11.
)
(c:/texlive/2022/texmf-dist/tex/latex/carlisle/scalefnt.sty)
(c:/texlive/2022/texmf-dist/tex/latex/graphics/keyval.sty
Package: keyval 2022/05/29 v1.15 key=value parser (DPC)
\KV@toks@=\toks19
)
(c:/texlive/2022/texmf-dist/tex/latex/base/fontenc.sty
Package: fontenc 2021/04/29 v2.0v Standard LaTeX package
)
(c:/texlive/2022/texmf-dist/tex/latex/titling/titling.sty
Package: titling 2009/09/04 v2.1d maketitle typesetting
\thanksmarkwidth=\skip49
\thanksmargin=\skip50
\droptitle=\skip51
)
(c:/texlive/2022/texmf-dist/tex/latex/geometry/geometry.sty
Package: geometry 2020/01/02 v5.9 Page Geometry

(c:/texlive/2022/texmf-dist/tex/generic/iftex/ifvtex.sty
Package: ifvtex 2019/10/25 v1.7 ifvtex legacy package. Use iftex instead.

(c:/texlive/2022/texmf-dist/tex/generic/iftex/iftex.sty
Package: iftex 2022/02/03 v1.0f TeX engine tests
))
\Gm@cnth=\count268
\Gm@cntv=\count269
\c@Gm@tempcnt=\count270
\Gm@bindingoffset=\dimen148
\Gm@wd@mp=\dimen149
\Gm@odd@mp=\dimen150
\Gm@even@mp=\dimen151
\Gm@layoutwidth=\dimen152
\Gm@layoutheight=\dimen153
\Gm@layouthoffset=\dimen154
\Gm@layoutvoffset=\dimen155
\Gm@dimlist=\toks20
)
(c:/texlive/2022/texmf-dist/tex/latex/blindtext/blindtext.sty
Package: blindtext 2012/01/06 V2.0 blindtext-Package

(c:/texlive/2022/texmf-dist/tex/latex/tools/xspace.sty
Package: xspace 2014/10/28 v1.13 Space after command names (DPC,MH)
)
\c@blindtext=\count271
\c@Blindtext=\count272
\c@blind@countparstart=\count273
\blind@countxx=\count274
\blindtext@numBlindtext=\count275
\blind@countyy=\count276
\c@blindlist=\count277
\c@blindlistlevel=\count278
\c@blindlist@level=\count279
\blind@listitem=\count280
\c@blind@listcount=\count281
\c@blind@levelcount=\count282
\blind@mathformula=\count283
\blind@Mathformula=\count284
\c@blind@randomcount=\count285
\c@blind@randommax=\count286
\c@blind@pangramcount=\count287
\c@blind@pangrammax=\count288
)
(c:/texlive/2022/texmf-dist/tex/latex/hyperref/hyperref.sty
Package: hyperref 2022-09-22 v7.00t Hypertext links for LaTeX

(c:/texlive/2022/texmf-dist/tex/generic/ltxcmds/ltxcmds.sty
Package: ltxcmds 2020-05-10 v1.25 LaTeX kernel commands for general use (HO)
)
(c:/texlive/2022/texmf-dist/tex/generic/pdftexcmds/pdftexcmds.sty
Package: pdftexcmds 2020-06-27 v0.33 Utility functions of pdfTeX for LuaTeX (HO
)

(c:/texlive/2022/texmf-dist/tex/generic/infwarerr/infwarerr.sty
Package: infwarerr 2019/12/03 v1.5 Providing info/warning/error messages (HO)
)
Package pdftexcmds Info: \pdf@primitive is available.
Package pdftexcmds Info: \pdf@ifprimitive is available.
Package pdftexcmds Info: \pdfdraftmode found.
)
(c:/texlive/2022/texmf-dist/tex/latex/kvsetkeys/kvsetkeys.sty
Package: kvsetkeys 2022-10-05 v1.19 Key value parser (HO)
)
(c:/texlive/2022/texmf-dist/tex/generic/kvdefinekeys/kvdefinekeys.sty
Package: kvdefinekeys 2019-12-19 v1.6 Define keys (HO)
)
(c:/texlive/2022/texmf-dist/tex/generic/pdfescape/pdfescape.sty
Package: pdfescape 2019/12/09 v1.15 Implements pdfTeX's escape features (HO)
)
(c:/texlive/2022/texmf-dist/tex/latex/hycolor/hycolor.sty
Package: hycolor 2020-01-27 v1.10 Color options for hyperref/bookmark (HO)
)
(c:/texlive/2022/texmf-dist/tex/latex/letltxmacro/letltxmacro.sty
Package: letltxmacro 2019/12/03 v1.6 Let assignment for LaTeX macros (HO)
)
(c:/texlive/2022/texmf-dist/tex/latex/auxhook/auxhook.sty
Package: auxhook 2019-12-17 v1.6 Hooks for auxiliary files (HO)
)
(c:/texlive/2022/texmf-dist/tex/latex/hyperref/nameref.sty
Package: nameref 2022-05-17 v2.50 Cross-referencing by name of section

(c:/texlive/2022/texmf-dist/tex/latex/refcount/refcount.sty
Package: refcount 2019/12/15 v3.6 Data extraction from label references (HO)
)
(c:/texlive/2022/texmf-dist/tex/generic/gettitlestring/gettitlestring.sty
Package: gettitlestring 2019/12/15 v1.6 Cleanup title references (HO)

(c:/texlive/2022/texmf-dist/tex/latex/kvoptions/kvoptions.sty
Package: kvoptions 2022-06-15 v3.15 Key value format for package options (HO)
))
\c@section@level=\count289
)
\@linkdim=\dimen156
\Hy@linkcounter=\count290
\Hy@pagecounter=\count291

(c:/texlive/2022/texmf-dist/tex/latex/hyperref/pd1enc.def
File: pd1enc.def 2022-09-22 v7.00t Hyperref: PDFDocEncoding definition (HO)
Now handling font encoding PD1 ...
... no UTF-8 mapping file for font encoding PD1
)
(c:/texlive/2022/texmf-dist/tex/generic/intcalc/intcalc.sty
Package: intcalc 2019/12/15 v1.3 Expandable calculations with integers (HO)
)
(c:/texlive/2022/texmf-dist/tex/generic/etexcmds/etexcmds.sty
Package: etexcmds 2019/12/15 v1.7 Avoid name clashes with e-TeX commands (HO)
)
\Hy@SavedSpaceFactor=\count292

(c:/texlive/2022/texmf-dist/tex/latex/hyperref/puenc.def
File: puenc.def 2022-09-22 v7.00t Hyperref: PDF Unicode definition (HO)
Now handling font encoding PU ...
... no UTF-8 mapping file for font encoding PU
)
Package hyperref Info: Hyper figures OFF on input line 4162.
Package hyperref Info: Link nesting OFF on input line 4167.
Package hyperref Info: Hyper index ON on input line 4170.
Package hyperref Info: Plain pages OFF on input line 4177.
Package hyperref Info: Backreferencing OFF on input line 4182.
Package hyperref Info: Implicit mode ON; LaTeX internals redefined.
\stockwidth=\dimen157
\stockheight=\dimen158
Package hyperref Info: Bookmarks ON on input line 4410.
\c@Hy@tempcnt=\count293

(c:/texlive/2022/texmf-dist/tex/latex/url/url.sty
\Urlmuskip=\muskip16
Package: url 2013/09/16  ver 3.4  Verb mode for urls, etc.
)
LaTeX Info: Redefining \url on input line 4748.
\XeTeXLinkMargin=\dimen159

(c:/texlive/2022/texmf-dist/tex/generic/bitset/bitset.sty
Package: bitset 2019/12/09 v1.3 Handle bit-vector datatype (HO)

(c:/texlive/2022/texmf-dist/tex/generic/bigintcalc/bigintcalc.sty
Package: bigintcalc 2019/12/15 v1.5 Expandable calculations on big integers (HO
)
))
\Fld@menulength=\count294
\Field@Width=\dimen160
\Fld@charsize=\dimen161
Package hyperref Info: Hyper figures OFF on input line 6027.
Package hyperref Info: Link nesting OFF on input line 6032.
Package hyperref Info: Hyper index ON on input line 6035.
Package hyperref Info: backreferencing OFF on input line 6042.
Package hyperref Info: Link coloring OFF on input line 6047.
Package hyperref Info: Link coloring with OCG OFF on input line 6052.
Package hyperref Info: PDF/A mode OFF on input line 6057.

(c:/texlive/2022/texmf-dist/tex/latex/base/atbegshi-ltx.sty
Package: atbegshi-ltx 2021/01/10 v1.0c Emulation of the original atbegshi
package with kernel methods
)
\Hy@abspage=\count295
\c@Item=\count296
\c@Hfootnote=\count297
)
Package hyperref Info: Driver (autodetected): hpdftex.

(c:/texlive/2022/texmf-dist/tex/latex/hyperref/hpdftex.def
File: hpdftex.def 2022-09-22 v7.00t Hyperref driver for pdfTeX

(c:/texlive/2022/texmf-dist/tex/latex/base/atveryend-ltx.sty
Package: atveryend-ltx 2020/08/19 v1.0a Emulation of the original atveryend pac
kage
with kernel methods
)
\Fld@listcount=\count298
\c@bookmark@seq@number=\count299

(c:/texlive/2022/texmf-dist/tex/latex/rerunfilecheck/rerunfilecheck.sty
Package: rerunfilecheck 2022-07-10 v1.10 Rerun checks for auxiliary files (HO)

(c:/texlive/2022/texmf-dist/tex/generic/uniquecounter/uniquecounter.sty
Package: uniquecounter 2019/12/15 v1.4 Provide unlimited unique counter (HO)
)
Package uniquecounter Info: New unique counter `rerunfilecheck' on input line 2
85.
)
\Hy@SectionHShift=\skip52
)
(c:/texlive/2022/texmf-dist/tex/latex/graphics/graphicx.sty
Package: graphicx 2021/09/16 v1.2d Enhanced LaTeX Graphics (DPC,SPQR)

(c:/texlive/2022/texmf-dist/tex/latex/graphics/graphics.sty
Package: graphics 2022/03/10 v1.4e Standard LaTeX Graphics (DPC,SPQR)

(c:/texlive/2022/texmf-dist/tex/latex/graphics/trig.sty
Package: trig 2021/08/11 v1.11 sin cos tan (DPC)
)
(c:/texlive/2022/texmf-dist/tex/latex/graphics-cfg/graphics.cfg
File: graphics.cfg 2016/06/04 v1.11 sample graphics configuration
)
Package graphics Info: Driver file: pdftex.def on input line 107.

(c:/texlive/2022/texmf-dist/tex/latex/graphics-def/pdftex.def
File: pdftex.def 2022/09/22 v1.2b Graphics/color driver for pdftex
))
\Gin@req@height=\dimen162
\Gin@req@width=\dimen163
)
(c:/texlive/2022/texmf-dist/tex/latex/graphics/color.sty
Package: color 2022/01/06 v1.3d Standard LaTeX Color (DPC)

(c:/texlive/2022/texmf-dist/tex/latex/graphics-cfg/color.cfg
File: color.cfg 2016/01/02 v1.6 sample color configuration
)
Package color Info: Driver file: pdftex.def on input line 149.

(c:/texlive/2022/texmf-dist/tex/latex/graphics/mathcolor.ltx))
(c:/texlive/2022/texmf-dist/tex/latex/caption/caption.sty
Package: caption 2022/03/01 v3.6b Customizing captions (AR)

(c:/texlive/2022/texmf-dist/tex/latex/caption/caption3.sty
Package: caption3 2022/03/17 v2.3b caption3 kernel (AR)
\caption@tempdima=\dimen164
\captionmargin=\dimen165
\caption@leftmargin=\dimen166
\caption@rightmargin=\dimen167
\caption@width=\dimen168
\caption@indent=\dimen169
\caption@parindent=\dimen170
\caption@hangindent=\dimen171
Package caption Info: Standard document class detected.
Package caption Info: french babel package is loaded.
)
\c@caption@flags=\count300
\c@continuedfloat=\count301
Package caption Info: hyperref package is loaded.
)
(c:/texlive/2022/texmf-dist/tex/latex/graphics/epsfig.sty
Package: epsfig 2017/06/25 v1.7b (e)psfig emulation (SPQR)
\epsfxsize=\dimen172
\epsfysize=\dimen173
)
(c:/texlive/2022/texmf-dist/tex/latex/fancyhdr/fancyhdr.sty
Package: fancyhdr 2022/05/18 v4.0.3 Extensive control of page headers and foote
rs
\f@nch@headwidth=\skip53
\f@nch@O@elh=\skip54
\f@nch@O@erh=\skip55
\f@nch@O@olh=\skip56
\f@nch@O@orh=\skip57
\f@nch@O@elf=\skip58
\f@nch@O@erf=\skip59
\f@nch@O@olf=\skip60
\f@nch@O@orf=\skip61
)
(c:/texlive/2022/texmf-dist/tex/latex/listings/listings.sty
\lst@mode=\count302
\lst@gtempboxa=\box51
\lst@token=\toks21
\lst@length=\count303
\lst@currlwidth=\dimen174
\lst@column=\count304
\lst@pos=\count305
\lst@lostspace=\dimen175
\lst@width=\dimen176
\lst@newlines=\count306
\lst@lineno=\count307
\lst@maxwidth=\dimen177

(c:/texlive/2022/texmf-dist/tex/latex/listings/lstmisc.sty
File: lstmisc.sty 2020/03/24 1.8d (Carsten Heinz)
\c@lstnumber=\count308
\lst@skipnumbers=\count309
\lst@framebox=\box52
)
(c:/texlive/2022/texmf-dist/tex/latex/listings/listings.cfg
File: listings.cfg 2020/03/24 1.8d listings configuration
))
Package: listings 2020/03/24 1.8d (Carsten Heinz)

(c:/texlive/2022/texmf-dist/tex/latex/base/makeidx.sty
Package: makeidx 2021/10/04 v1.0m Standard LaTeX package
)
(c:/texlive/2022/texmf-dist/tex/latex/tools/verbatim.sty
Package: verbatim 2020-07-07 v1.5u LaTeX2e package for verbatim enhancements
\every@verbatim=\toks22
\verbatim@line=\toks23
\verbatim@in@stream=\read3
)
(c:/texlive/2022/texmf-dist/tex/latex/l3backend/l3backend-pdftex.def
File: l3backend-pdftex.def 2022-09-28 L3 backend support: PDF output (pdfTeX)
\l__color_backend_stack_int=\count310
\l__pdf_internal_box=\box53
)
(./SYSG5 - Failles de sécurité linux.aux)
\openout1 = `"SYSG5 - Failles de sécurité linux.aux"'.

LaTeX Font Info:    Checking defaults for OML/cmm/m/it on input line 61.
LaTeX Font Info:    ... okay on input line 61.
LaTeX Font Info:    Checking defaults for OMS/cmsy/m/n on input line 61.
LaTeX Font Info:    ... okay on input line 61.
LaTeX Font Info:    Checking defaults for OT1/cmr/m/n on input line 61.
LaTeX Font Info:    ... okay on input line 61.
LaTeX Font Info:    Checking defaults for T1/cmr/m/n on input line 61.
LaTeX Font Info:    ... okay on input line 61.
LaTeX Font Info:    Checking defaults for TS1/cmr/m/n on input line 61.
LaTeX Font Info:    ... okay on input line 61.
LaTeX Font Info:    Checking defaults for OMX/cmex/m/n on input line 61.
LaTeX Font Info:    ... okay on input line 61.
LaTeX Font Info:    Checking defaults for U/cmr/m/n on input line 61.
LaTeX Font Info:    ... okay on input line 61.
LaTeX Font Info:    Checking defaults for PD1/pdf/m/n on input line 61.
LaTeX Font Info:    ... okay on input line 61.
LaTeX Font Info:    Checking defaults for PU/pdf/m/n on input line 61.
LaTeX Font Info:    ... okay on input line 61.
LaTeX Info: Redefining \degres on input line 61.
LaTeX Info: Redefining \up on input line 61.

*geometry* driver: auto-detecting
*geometry* detected driver: pdftex
*geometry* verbose mode - [ preamble ] result:
* driver: pdftex
* paper: a4paper
* layout: <same size as paper>
* layoutoffset:(h,v)=(0.0pt,0.0pt)
* bindingoffset: 14.45377pt
* modes: 
* h-part:(L,W,R)=(72.26999pt, 438.51413pt, 72.26999pt)
* v-part:(T,H,B)=(72.26999pt, 700.50687pt, 72.26999pt)
* \paperwidth=597.50787pt
* \paperheight=845.04684pt
* \textwidth=438.51413pt
* \textheight=700.50687pt
* \oddsidemargin=14.45377pt
* \evensidemargin=0.0pt
* \topmargin=-37.0pt
* \headheight=12.0pt
* \headsep=25.0pt
* \topskip=12.0pt
* \footskip=18.06749pt
* \marginparwidth=35.0pt
* \marginparsep=10.0pt
* \columnsep=10.0pt
* \skip\footins=10.8pt plus 4.0pt minus 2.0pt
* \hoffset=0.0pt
* \voffset=0.0pt
* \mag=1000
* \@twocolumnfalse
* \@twosidefalse
* \@mparswitchfalse
* \@reversemarginfalse
* (1in=72.27pt=25.4mm, 1cm=28.453pt)

Package hyperref Info: Link coloring OFF on input line 61.
(./SYSG5 - Failles de sécurité linux.out)
(./SYSG5 - Failles de sécurité linux.out)
\@outlinefile=\write3
\openout3 = `"SYSG5 - Failles de sécurité linux.out"'.


(c:/texlive/2022/texmf-dist/tex/context/base/mkii/supp-pdf.mkii
[Loading MPS to PDF converter (version 2006.09.02).]
\scratchcounter=\count311
\scratchdimen=\dimen178
\scratchbox=\box54
\nofMPsegments=\count312
\nofMParguments=\count313
\everyMPshowfont=\toks24
\MPscratchCnt=\count314
\MPscratchDim=\dimen179
\MPnumerator=\count315
\makeMPintoPDFobject=\count316
\everyMPtoPDFconversion=\toks25
) (c:/texlive/2022/texmf-dist/tex/latex/epstopdf-pkg/epstopdf-base.sty
Package: epstopdf-base 2020-01-24 v2.11 Base part for package epstopdf
Package epstopdf-base Info: Redefining graphics rule for `.eps' on input line 4
85.

(c:/texlive/2022/texmf-dist/tex/latex/latexconfig/epstopdf-sys.cfg
File: epstopdf-sys.cfg 2010/07/13 v1.3 Configuration of (r)epstopdf for TeX Liv
e
))
Package caption Info: Begin \AtBeginDocument code.
Package caption Info: listings package is loaded.
Package caption Info: End \AtBeginDocument code.
\c@lstlisting=\count317
LaTeX Font Info:    External font `cmex10' loaded for size
(Font)              <14.4> on input line 63.
LaTeX Font Info:    External font `cmex10' loaded for size
(Font)              <7> on input line 63.
 [1

{c:/texlive/2022/texmf-var/fonts/map/pdftex/updmap/pdftex.map}]
(./SYSG5 - Failles de sécurité linux.toc
LaTeX Font Info:    External font `cmex10' loaded for size
(Font)              <12> on input line 4.
LaTeX Font Info:    External font `cmex10' loaded for size
(Font)              <8> on input line 4.
LaTeX Font Info:    External font `cmex10' loaded for size
(Font)              <6> on input line 4.
)
\tf@toc=\write4
\openout4 = `"SYSG5 - Failles de sécurité linux.toc"'.

 [2]
LaTeX Font Info:    Trying to load font information for T1+cmtt on input line 9
5.

(c:/texlive/2022/texmf-dist/tex/latex/base/t1cmtt.fd
File: t1cmtt.fd 2019/12/16 v2.5j Standard LaTeX font definitions
) [3]
<./images//sources.list.png, id=223, 723.70375pt x 334.24875pt>
File: ./images//sources.list.png Graphic file (type png)
<use ./images//sources.list.png>
Package pdftex.def Info: ./images//sources.list.png  used on input line 150.
(pdftex.def)             Requested size: 434.2256pt x 200.55078pt.


LaTeX Warning: `!h' float specifier changed to `!ht'.

<./images//cdrom.png, id=225, 728.7225pt x 252.945pt>
File: ./images//cdrom.png Graphic file (type png)
<use ./images//cdrom.png>
Package pdftex.def Info: ./images//cdrom.png  used on input line 158.
(pdftex.def)             Requested size: 437.23688pt x 151.76816pt.

LaTeX Warning: `!h' float specifier changed to `!ht'.

[4] [5 <./images//sources.list.png> <./images//cdrom.png>] [6] [7]
<./images//main.png, id=276, 458.31226pt x 244.5135pt>
File: ./images//main.png Graphic file (type png)
<use ./images//main.png>
Package pdftex.def Info: ./images//main.png  used on input line 261.
(pdftex.def)             Requested size: 274.98947pt x 146.70923pt.
 [8 <./images//main.png>] [9]
<./images//image.png, id=312, 963.6pt x 157.58875pt>
File: ./images//image.png Graphic file (type png)
<use ./images//image.png>
Package pdftex.def Info: ./images//image.png  used on input line 312.
(pdftex.def)             Requested size: 385.43317pt x 63.03436pt.
<./images//ecriture environnement.png, id=313, 311.9655pt x 207.77625pt>
File: ./images//ecriture environnement.png Graphic file (type png)
<use ./images//ecriture environnement.png>
Package pdftex.def Info: ./images//ecriture environnement.png  used on input li
ne 321.
(pdftex.def)             Requested size: 218.37436pt x 145.44237pt.
 [10 <./images//image.png> <./images//ecriture environnement.png>]
File: ./images//image.png Graphic file (type png)
<use ./images//image.png>
Package pdftex.def Info: ./images//image.png  used on input line 337.
(pdftex.def)             Requested size: 385.43317pt x 63.03436pt.
<./images//pile d'exécution GCONV_PATH.png, id=330, 987.69pt x 158.5925pt>
File: ./images//pile d'exécution GCONV_PATH.png Graphic file (type png)
<use ./images//pile d'exécution GCONV_PATH.png>
Package pdftex.def Info: ./images//pile d'exécution GCONV_PATH.png  used on in
put line 355.
(pdftex.def)             Requested size: 395.069pt x 63.43585pt.


LaTeX Warning: Citation `CVE2021425' on page 11 undefined on input line 355.

[11]
<./images//pile d'appel programme final.png, id=345, 788.9475pt x 249.93375pt>
File: ./images//pile d'appel programme final.png Graphic file (type png)
<use ./images//pile d'appel programme final.png>
Package pdftex.def Info: ./images//pile d'appel programme final.png  used on in
put line 384.
(pdftex.def)             Requested size: 394.47278pt x 124.96657pt.
 [12 <./images//pile d'exécution GCONV_PATH.png>] [13 <./images//pile d'appel 
programme final.png>]
Package hyperref Info: bookmark level for unknown lstlisting defaults to 0 on i
nput line 401.
 (../Code/PwnKit/exploit.c) (../Code/PwnKit/pwnkit.c)
(../Code/PwnKit/Makefile) [14] (../Code/PwnKit/Demo) (../Code/PwnKit/Demo)
<./images//verifargcsize.png, id=426, 775.89874pt x 279.0425pt>
File: ./images//verifargcsize.png Graphic file (type png)
<use ./images//verifargcsize.png>
Package pdftex.def Info: ./images//verifargcsize.png  used on input line 418.
(pdftex.def)             Requested size: 387.94843pt x 139.5209pt.

[15]
<./images//verifisnull.png, id=477, 771.88374pt x 257.96375pt>
File: ./images//verifisnull.png Graphic file (type png)
<use ./images//verifisnull.png>
Package pdftex.def Info: ./images//verifisnull.png  used on input line 423.
(pdftex.def)             Requested size: 385.94092pt x 128.98155pt.

Overfull \hbox (7.27295pt too wide) in paragraph at lines 428--428
[]\T1/cmr/bx/n/14.4 Comment cor-ri-ger cette faille si il n'est pas pos-sible d
'ugrade
 []

[16 <./images//verifargcsize.png> <./images//verifisnull.png>] [17] [18]
[19] (./SYSG5 - Failles de sécurité linux.bbl
Underfull \hbox (badness 10000) in paragraph at lines 4--8
\T1/cmtt/m/n/12 / / www . suse . com / c / 10-[]steps-[]password-[]protect-[]su
ses-[]grub-[]bootloader /
 []


Underfull \hbox (badness 10000) in paragraph at lines 4--8
\T1/cmtt/m/n/12 # : ~ : text = Steps % 3A % 201 % 20Log % 20into % 20your % 20b
ox % 20as % 20root ,[] 8 %
 []


Underfull \hbox (badness 10000) in paragraph at lines 4--8
\T1/cmtt/m/n/12 20Open % 20up % 20a % 20new % 20shell . %20 % C3 % 89l % C3 % A
9ments % 20suppl % C3 %
 []


Underfull \hbox (badness 3780) in paragraph at lines 10--14
[]\T1/cmr/m/n/12 [cve-2021-3156] ex-ploi-ting sudo heap over-flow on de-bian 10
.  []$\T1/cmtt/m/n/12 https :
 []


Underfull \hbox (badness 10000) in paragraph at lines 10--14
\T1/cmtt/m/n/12 / / syst3mfailure . io / sudo-[]heap-[]overflow# : ~ : text = I
mage % 3A % 20debian %
 []


Underfull \hbox (badness 10000) in paragraph at lines 16--19
[]\T1/cmr/m/n/12 Cve-2021-4034.  []$\T1/cmtt/m/n/12 https : / / security-[]trac
ker . debian . org / tracker /
 []


Underfull \hbox (badness 10000) in paragraph at lines 28--33
[]\T1/cmr/m/n/12 How to pro-tect grub2 from boo-ting ker-nel wi-thout pass-
 []


Underfull \hbox (badness 10000) in paragraph at lines 28--33
\T1/cmr/m/n/12 word in li-nux | go-li-nux-cloud.  []$\T1/cmtt/m/n/12 https : / 
/ www . golinuxcloud . com /
 []


Underfull \hbox (badness 10000) in paragraph at lines 28--33
\T1/cmtt/m/n/12 protect-[]grub2-[]booting-[]kernel-[]without-[]password/$[]\T1/
cmr/m/n/12 .  (Ac-ces-sed on
 []


Underfull \hbox (badness 10000) in paragraph at lines 35--40
[]\T1/cmr/m/n/12 Layerstack tu-to-rials - layers-tack - re-set-ting root pass-
 []


Underfull \hbox (badness 10000) in paragraph at lines 35--40
\T1/cmr/m/n/12 word by boo-ting into single user mode from li-nux
 []


Underfull \hbox (badness 10000) in paragraph at lines 35--40
\T1/cmr/m/n/12 grub.  []$\T1/cmtt/m/n/12 https : / / www . layerstack . com / r
esources / tutorials /
 []


Overfull \hbox (97.86047pt too wide) in paragraph at lines 35--40
\T1/cmtt/m/n/12 Resetting-[]root-[]password-[]for-[]Linux-[]Cloud-[]Servers-[]b
y-[]booting-[]into-[]Single-[]User-[]Mode# :
 []


Underfull \hbox (badness 10000) in paragraph at lines 35--40
\T1/cmtt/m/n/12 ~ : text = In % 20the % 20GRUB % 20menu % 2C % 20find ,[] the %
 20end % 20of % 20the %
 []


Underfull \hbox (badness 10000) in paragraph at lines 35--40
\T1/cmtt/m/n/12 20line . &text = %3D % 2Fbin % 2Fbash-[] ,[] Press % 20CTRL % 2
BX % 20or % 20F10 % 20to %
 []


Underfull \hbox (badness 10000) in paragraph at lines 35--40
\T1/cmtt/m/n/12 20save % 20the % 20changes % 20and ,[] boot % 20into % 20the % 
20root % 20prompt .
 []


Underfull \hbox (badness 10000) in paragraph at lines 35--40
\T1/cmtt/m/n/12 &text = Type % 20in % 20the % 20command % 20passwd % 20to % 20s
et % 20the % 20new %
 []

) [20] (./SYSG5 - Failles de sécurité linux.aux)

LaTeX Warning: There were undefined references.


Package rerunfilecheck Warning: File `"SYSG5 - Failles de sécurité linux".out
' has changed.
(rerunfilecheck)                Rerun to get outlines right
(rerunfilecheck)                or use package `bookmark'.

Package rerunfilecheck Info: Checksums for `"SYSG5 - Failles de sécurité linu
x".out':
(rerunfilecheck)             Before: D26D3574FFD3774515EA9C7087A3BD08;10833
(rerunfilecheck)             After:  308193E3950562DB5E535757F54C53DB;12409.
 ) 
Here is how much of TeX's memory you used:
 14646 strings out of 475071
 236755 string characters out of 5782907
 649725 words of memory out of 5000000
 35576 multiletter control sequences out of 15000+600000
 480710 words of font info for 52 fonts, out of 8000000 for 9000
 1141 hyphenation exceptions out of 8191
 72i,7n,77p,887b,1287s stack positions out of 10000i,1000n,20000p,200000b,200000s

pdfTeX warning (dest): name{cite.Howtopro9\\penalty\040\\@M\040\040:online} has
 been referenced but does not exist, replaced by a fixed one


pdfTeX warning (dest): name{cite.grubchangepassword\\penalty\040\\@M\040\040:on
line} has been referenced but does not exist, replaced by a fixed one


pdfTeX warning (dest): name{cite.securitytrack\\penalty\040\\@M\040\040:online}
 has been referenced but does not exist, replaced by a fixed one


pdfTeX warning (dest): name{cite.pkexeclo25\\penalty\040\\@M\040\040:online} ha
s been referenced but does not exist, replaced by a fixed one


pdfTeX warning (dest): name{cite.CVE2021425\\penalty\040\\@M\040\040:online} ha
s been referenced but does not exist, replaced by a fixed one


pdfTeX warning (dest): name{cite.PartVMan11\\penalty\040\\@M\040\040:online} ha
s been referenced but does not exist, replaced by a fixed one


pdfTeX warning (dest): name{cite.policyki47\\penalty\040\\@M\040\040:online} ha
s been referenced but does not exist, replaced by a fixed one


pdfTeX warning (dest): name{cite.CVE2021350\\penalty\040\\@M\040\040:online} ha
s been referenced but does not exist, replaced by a fixed one

{c:/texlive/2022/texmf-dist/fonts/enc/dvips/cm-super/cm-super-ts1.enc}{c:/texli
ve/2022/texmf-dist/fonts/enc/dvips/cm-super/cm-super-t1.enc}<c:/texlive/2022/te
xmf-dist/fonts/type1/public/amsfonts/latxfont/lcircle1.pfb><c:/texlive/2022/tex
mf-dist/fonts/type1/public/cm-super/sfbx1200.pfb><c:/texlive/2022/texmf-dist/fo
nts/type1/public/cm-super/sfbx1440.pfb><c:/texlive/2022/texmf-dist/fonts/type1/
public/cm-super/sfbx1728.pfb><c:/texlive/2022/texmf-dist/fonts/type1/public/cm-
super/sfcc1200.pfb><c:/texlive/2022/texmf-dist/fonts/type1/public/cm-super/sfrm
1200.pfb><c:/texlive/2022/texmf-dist/fonts/type1/public/cm-super/sfrm1440.pfb><
c:/texlive/2022/texmf-dist/fonts/type1/public/cm-super/sfrm2074.pfb><c:/texlive
/2022/texmf-dist/fonts/type1/public/cm-super/sftt0800.pfb><c:/texlive/2022/texm
f-dist/fonts/type1/public/cm-super/sftt1200.pfb>
Output written on "SYSG5 - Failles de sécurité linux.pdf" (20 pages, 627641 b
ytes).
PDF statistics:
 683 PDF objects out of 1000 (max. 8388607)
 614 compressed objects within 7 object streams
 277 named destinations out of 1000 (max. 500000)
 342 words of extra memory for PDF output out of 10000 (max. 10000000)

